Using pre-set license
Built from '2020.3/staging' branch; Version is '2020.3.17f1 (a4537701e4ab) revision 10769271'; Using compiler version '192528614'; Build Type 'Release'
OS: 'Windows 10 Pro; OS build 19043.985; Version 2009; 64bit' Language: 'es' Physical Memory: 16309 MB
BatchMode: 1, IsHumanControllingUs: 0, StartBugReporterOnCrash: 0, Is64bit: 1, IsPro: 0

COMMAND LINE ARGUMENTS:
C:\Program Files\Unity\Hub\Editor\2020.3.17f1\Editor\Unity.exe
-adb2
-batchMode
-noUpm
-name
AssetImportWorker0
-projectPath
C:/Users/Usuario/Desktop/T2examen4-main
-logFile
Logs/AssetImportWorker0.log
-srvPort
60551
Successfully changed project path to: C:/Users/Usuario/Desktop/T2examen4-main
C:/Users/Usuario/Desktop/T2examen4-main
Using Asset Import Pipeline V2.
Refreshing native plugins compatible for Editor in 32.15 ms, found 3 plugins.
Preloading 0 native plugins for Editor in 0.00 ms.
Initialize engine version: 2020.3.17f1 (a4537701e4ab)
[Subsystems] Discovering subsystems at path C:/Program Files/Unity/Hub/Editor/2020.3.17f1/Editor/Data/Resources/UnitySubsystems
[Subsystems] Discovering subsystems at path C:/Users/Usuario/Desktop/T2examen4-main/Assets
GfxDevice: creating device client; threaded=0
Direct3D:
    Version:  Direct3D 11.0 [level 11.1]
    Renderer: NVIDIA GeForce GTX 1660 SUPER (ID=0x21c4)
    Vendor:   
    VRAM:     5991 MB
    Driver:   30.0.15.1215
Initialize mono
Mono path[0] = 'C:/Program Files/Unity/Hub/Editor/2020.3.17f1/Editor/Data/Managed'
Mono path[1] = 'C:/Program Files/Unity/Hub/Editor/2020.3.17f1/Editor/Data/MonoBleedingEdge/lib/mono/unityjit'
Mono config path = 'C:/Program Files/Unity/Hub/Editor/2020.3.17f1/Editor/Data/MonoBleedingEdge/etc'
Using monoOptions --debugger-agent=transport=dt_socket,embedding=1,server=y,suspend=n,address=127.0.0.1:56176
Begin MonoManager ReloadAssembly
Registering precompiled unity dll's ...
Register platform support module: C:/Program Files/Unity/Hub/Editor/2020.3.17f1/Editor/Data/PlaybackEngines/WindowsStandaloneSupport/UnityEditor.WindowsStandalone.Extensions.dll
Registered in 0.001227 seconds.
Native extension for WindowsStandalone target not found
Refreshing native plugins compatible for Editor in 31.38 ms, found 3 plugins.
Preloading 0 native plugins for Editor in 0.00 ms.
Mono: successfully reloaded assembly
- Completed reload, in  0.606 seconds
Domain Reload Profiling:
	ReloadAssembly (606ms)
		BeginReloadAssembly (37ms)
			ExecutionOrderSort (0ms)
			DisableScriptedObjects (0ms)
			BackupInstance (0ms)
			ReleaseScriptingObjects (0ms)
			CreateAndSetChildDomain (1ms)
		EndReloadAssembly (277ms)
			LoadAssemblies (35ms)
			RebuildTransferFunctionScriptingTraits (0ms)
			SetupTypeCache (94ms)
			ReleaseScriptCaches (0ms)
			RebuildScriptCaches (19ms)
			SetupLoadedEditorAssemblies (116ms)
				LogAssemblyErrors (0ms)
				InitializePlatformSupportModulesInManaged (3ms)
				SetLoadedEditorAssemblies (0ms)
				RefreshPlugins (31ms)
				BeforeProcessingInitializeOnLoad (12ms)
				ProcessInitializeOnLoadAttributes (51ms)
				ProcessInitializeOnLoadMethodAttributes (19ms)
				AfterProcessingInitializeOnLoad (0ms)
				EditorAssembliesLoaded (0ms)
			ExecutionOrderSort2 (0ms)
			AwakeInstancesAfterBackupRestoration (0ms)
Platform modules already initialized, skipping
Registering precompiled user dll's ...
Registered in 0.002841 seconds.
Begin MonoManager ReloadAssembly
Native extension for WindowsStandalone target not found
Refreshing native plugins compatible for Editor in 30.16 ms, found 3 plugins.
Preloading 0 native plugins for Editor in 0.00 ms.
Mono: successfully reloaded assembly
- Completed reload, in  0.781 seconds
Domain Reload Profiling:
	ReloadAssembly (782ms)
		BeginReloadAssembly (92ms)
			ExecutionOrderSort (0ms)
			DisableScriptedObjects (3ms)
			BackupInstance (0ms)
			ReleaseScriptingObjects (0ms)
			CreateAndSetChildDomain (14ms)
		EndReloadAssembly (649ms)
			LoadAssemblies (61ms)
			RebuildTransferFunctionScriptingTraits (0ms)
			SetupTypeCache (189ms)
			ReleaseScriptCaches (0ms)
			RebuildScriptCaches (31ms)
			SetupLoadedEditorAssemblies (282ms)
				LogAssemblyErrors (0ms)
				InitializePlatformSupportModulesInManaged (3ms)
				SetLoadedEditorAssemblies (0ms)
				RefreshPlugins (30ms)
				BeforeProcessingInitializeOnLoad (53ms)
				ProcessInitializeOnLoadAttributes (183ms)
				ProcessInitializeOnLoadMethodAttributes (9ms)
				AfterProcessingInitializeOnLoad (4ms)
				EditorAssembliesLoaded (0ms)
			ExecutionOrderSort2 (0ms)
			AwakeInstancesAfterBackupRestoration (5ms)
Platform modules already initialized, skipping
========================================================================
Worker process is ready to serve import requests
Launched and connected shader compiler UnityShaderCompiler.exe after 0.03 seconds
Refreshing native plugins compatible for Editor in 0.50 ms, found 3 plugins.
Preloading 0 native plugins for Editor in 0.00 ms.
Unloading 2101 Unused Serialized files (Serialized files now loaded: 0)
System memory in use before: 93.3 MB.
System memory in use after: 93.4 MB.

Unloading 28 unused Assets to reduce memory usage. Loaded Objects now: 2539.
Total: 2.745900 ms (FindLiveObjects: 0.204400 ms CreateObjectMapping: 0.048500 ms MarkObjects: 2.438600 ms  DeleteObjects: 0.053700 ms)

AssetImportParameters requested are different than current active one (requested -> active):
  custom:framework-win-MediaFoundation: 216162199b28c13a410421893ffa2e32 -> 
  custom:video-decoder-ogg-theora: a1e56fd34408186e4bbccfd4996cb3dc -> 
  custom:container-muxer-webm: aa71ff27fc2769a1b78a27578f13a17b -> 
  custom:container-demuxer-webm: 4f35f7cbe854078d1ac9338744f61a02 -> 
  custom:container-demuxer-ogg: 62fdf1f143b41e24485cea50d1cbac27 -> 
  custom:video-encoder-webm-vp8: eb34c28f22e8b96e1ab97ce403110664 -> 
  custom:video-decoder-webm-vp8: 9c59270c3fd7afecdb556c50c9e8de78 -> 
  custom:audio-decoder-ogg-vorbis: bf7c407c2cedff20999df2af8eb42d56 -> 
  custom:audio-encoder-webm-vorbis: bf7c407c2cedff20999df2af8eb42d56 -> 
========================================================================
Received Import Request.
  path: Assets/Script/CamaraController.cs
  artifactKey: Guid(058256248b3810d46b5955cb4a06816b) Importer(815301076,1909f56bfc062723c751e8b465ee728b)
Start importing Assets/Script/CamaraController.cs using Guid(058256248b3810d46b5955cb4a06816b) Importer(815301076,1909f56bfc062723c751e8b465ee728b)  -> (artifact id: '606ecee8fb9b9d4b77b572d61182733e') in 0.015862 seconds 
  Import took 0.018167 seconds .

========================================================================
Received Import Request.
  Time since last request: 8.665185 seconds.
  path: Assets/Script/Eenmo2Controller.cs
  artifactKey: Guid(ba474d7bf4fe7c745bae20bf63f58c7e) Importer(815301076,1909f56bfc062723c751e8b465ee728b)
Start importing Assets/Script/Eenmo2Controller.cs using Guid(ba474d7bf4fe7c745bae20bf63f58c7e) Importer(815301076,1909f56bfc062723c751e8b465ee728b)  -> (artifact id: '8304f0513f89d755f7a8e1e7729bbaf4') in 0.001838 seconds 
  Import took 0.004540 seconds .

========================================================================
Received Import Request.
  Time since last request: 0.975837 seconds.
  path: Assets/Script/EnemigoController.cs
  artifactKey: Guid(4f12b58fba06fae4c9461e676646a2bf) Importer(815301076,1909f56bfc062723c751e8b465ee728b)
Start importing Assets/Script/EnemigoController.cs using Guid(4f12b58fba06fae4c9461e676646a2bf) Importer(815301076,1909f56bfc062723c751e8b465ee728b)  -> (artifact id: '93085b525e96cc784e5c80786c0b014f') in 0.001710 seconds 
  Import took 0.004429 seconds .

========================================================================
Received Import Request.
  Time since last request: 14.167913 seconds.
  path: Assets/Script/Player2COntro.cs
  artifactKey: Guid(c7f538866715c5045bb703810ed8d925) Importer(815301076,1909f56bfc062723c751e8b465ee728b)
Start importing Assets/Script/Player2COntro.cs using Guid(c7f538866715c5045bb703810ed8d925) Importer(815301076,1909f56bfc062723c751e8b465ee728b)  -> (artifact id: '552de8b724fd92322bad593c7bd017aa') in 0.001801 seconds 
  Import took 0.004422 seconds .

========================================================================
Received Import Request.
  Time since last request: 0.000388 seconds.
  path: Assets/Script/Player2COntro.cs
  artifactKey: Guid(c7f538866715c5045bb703810ed8d925) Importer(815301076,1909f56bfc062723c751e8b465ee728b)
Start importing Assets/Script/Player2COntro.cs using Guid(c7f538866715c5045bb703810ed8d925) Importer(815301076,1909f56bfc062723c751e8b465ee728b)  -> (artifact id: '552de8b724fd92322bad593c7bd017aa') in 0.001255 seconds 
  Import took 0.003414 seconds .

========================================================================
Received Import Request.
  Time since last request: 8.373182 seconds.
  path: Assets/Script/CamController.cs
  artifactKey: Guid(9883473353523fc418ab7a65f505349a) Importer(815301076,1909f56bfc062723c751e8b465ee728b)
Start importing Assets/Script/CamController.cs using Guid(9883473353523fc418ab7a65f505349a) Importer(815301076,1909f56bfc062723c751e8b465ee728b)  -> (artifact id: '4c3c4e1b99a12f7c5d1c38735098a52f') in 0.001679 seconds 
  Import took 0.004321 seconds .

========================================================================
Received Import Request.
  Time since last request: 7.427164 seconds.
  path: Assets/Script/PoderCuatroController.cs
  artifactKey: Guid(eddba155e19cbda4a90d75e2068fef2f) Importer(815301076,1909f56bfc062723c751e8b465ee728b)
Start importing Assets/Script/PoderCuatroController.cs using Guid(eddba155e19cbda4a90d75e2068fef2f) Importer(815301076,1909f56bfc062723c751e8b465ee728b)  -> (artifact id: '805e74c67006b57cc5194cd3013affed') in 0.001607 seconds 
  Import took 0.004324 seconds .

========================================================================
Received Import Request.
  Time since last request: 1.743108 seconds.
  path: Assets/Script/PoderTresController.cs
  artifactKey: Guid(1b6939fb932a00c4ea24c027f71ef6c9) Importer(815301076,1909f56bfc062723c751e8b465ee728b)
Start importing Assets/Script/PoderTresController.cs using Guid(1b6939fb932a00c4ea24c027f71ef6c9) Importer(815301076,1909f56bfc062723c751e8b465ee728b)  -> (artifact id: 'aebe6e0b1082326daffbfc9b41dfa2be') in 0.001573 seconds 
  Import took 0.004313 seconds .

========================================================================
Received Import Request.
  Time since last request: 0.430934 seconds.
  path: Assets/Script/PoderDosController.cs
  artifactKey: Guid(c7d6c4180d40b604988959803b28fafa) Importer(815301076,1909f56bfc062723c751e8b465ee728b)
Start importing Assets/Script/PoderDosController.cs using Guid(c7d6c4180d40b604988959803b28fafa) Importer(815301076,1909f56bfc062723c751e8b465ee728b)  -> (artifact id: '5c2d160976d4bfffc9d0d6a3b4d14670') in 0.001587 seconds 
  Import took 0.004373 seconds .

========================================================================
Received Import Request.
  Time since last request: 3.631279 seconds.
  path: Assets/Script/PoderUnoController.cs
  artifactKey: Guid(60cbad63f1592aa48875dacfe1ef795b) Importer(815301076,1909f56bfc062723c751e8b465ee728b)
Start importing Assets/Script/PoderUnoController.cs using Guid(60cbad63f1592aa48875dacfe1ef795b) Importer(815301076,1909f56bfc062723c751e8b465ee728b)  -> (artifact id: '5337e439b3a2d412385785f879e0c8dd') in 0.001623 seconds 
  Import took 0.004181 seconds .

========================================================================
Received Import Request.
  Time since last request: 118.400153 seconds.
  path: Assets/Scenes/SampleScene.unity
  artifactKey: Guid(2cda990e2423bbf4892e6590ba056729) Importer(815301076,1909f56bfc062723c751e8b465ee728b)
Start importing Assets/Scenes/SampleScene.unity using Guid(2cda990e2423bbf4892e6590ba056729) Importer(815301076,1909f56bfc062723c751e8b465ee728b)  -> (artifact id: '7645d8ea264802194362b6011eec0813') in 0.007423 seconds 
  Import took 0.010450 seconds .

========================================================================
Received Prepare
Registering precompiled user dll's ...
Registered in 0.002783 seconds.
Begin MonoManager ReloadAssembly
Native extension for WindowsStandalone target not found
Refreshing native plugins compatible for Editor in 0.58 ms, found 3 plugins.
Preloading 0 native plugins for Editor in 0.00 ms.
Mono: successfully reloaded assembly
- Completed reload, in  0.879 seconds
Domain Reload Profiling:
	ReloadAssembly (879ms)
		BeginReloadAssembly (114ms)
			ExecutionOrderSort (0ms)
			DisableScriptedObjects (4ms)
			BackupInstance (0ms)
			ReleaseScriptingObjects (0ms)
			CreateAndSetChildDomain (42ms)
		EndReloadAssembly (716ms)
			LoadAssemblies (78ms)
			RebuildTransferFunctionScriptingTraits (0ms)
			SetupTypeCache (221ms)
			ReleaseScriptCaches (1ms)
			RebuildScriptCaches (27ms)
			SetupLoadedEditorAssemblies (311ms)
				LogAssemblyErrors (0ms)
				InitializePlatformSupportModulesInManaged (4ms)
				SetLoadedEditorAssemblies (0ms)
				RefreshPlugins (1ms)
				BeforeProcessingInitializeOnLoad (77ms)
				ProcessInitializeOnLoadAttributes (219ms)
				ProcessInitializeOnLoadMethodAttributes (5ms)
				AfterProcessingInitializeOnLoad (5ms)
				EditorAssembliesLoaded (0ms)
			ExecutionOrderSort2 (0ms)
			AwakeInstancesAfterBackupRestoration (12ms)
Platform modules already initialized, skipping
Refreshing native plugins compatible for Editor in 0.49 ms, found 3 plugins.
Preloading 0 native plugins for Editor in 0.00 ms.
Unloading 2091 Unused Serialized files (Serialized files now loaded: 0)
System memory in use before: 92.8 MB.
System memory in use after: 92.9 MB.

Unloading 16 unused Assets to reduce memory usage. Loaded Objects now: 2542.
Total: 2.780600 ms (FindLiveObjects: 0.190100 ms CreateObjectMapping: 0.043200 ms MarkObjects: 2.531600 ms  DeleteObjects: 0.014900 ms)

AssetImportParameters requested are different than current active one (requested -> active):
  custom:framework-win-MediaFoundation: 216162199b28c13a410421893ffa2e32 -> 
  custom:video-decoder-ogg-theora: a1e56fd34408186e4bbccfd4996cb3dc -> 
  custom:container-muxer-webm: aa71ff27fc2769a1b78a27578f13a17b -> 
  custom:container-demuxer-webm: 4f35f7cbe854078d1ac9338744f61a02 -> 
  custom:container-demuxer-ogg: 62fdf1f143b41e24485cea50d1cbac27 -> 
  custom:video-encoder-webm-vp8: eb34c28f22e8b96e1ab97ce403110664 -> 
  custom:video-decoder-webm-vp8: 9c59270c3fd7afecdb556c50c9e8de78 -> 
  custom:audio-decoder-ogg-vorbis: bf7c407c2cedff20999df2af8eb42d56 -> 
  custom:audio-encoder-webm-vorbis: bf7c407c2cedff20999df2af8eb42d56 -> 
AssetImportWorkerClient::OnTransportError - code=2 error=End of file
